<?xml version="1.0" encoding="UTF-8"?>
<!-- Generated by org.testng.reporters.JUnitReportReporter -->
<testsuite hostname="CFLNAVALUR4721" failures="0" tests="1" name="Mobile.SDETMobile_Testing.BaseClass" time="71.535" errors="0" timestamp="2024-01-30T17:01:26 IST" skipped="0">
  <testcase classname="Mobile.SDETMobile_Testing.BaseClass" name="AppiumApplication" time="71.535"/>
</testsuite> <!-- Mobile.SDETMobile_Testing.BaseClass -->
