<?xml version="1.0" encoding="UTF-8"?>
<!-- Generated by org.testng.reporters.JUnitReportReporter -->
<testsuite hostname="CFLNAVALUR4721" failures="0" tests="1" name="com.mobiletest.dsdet.tests.TC_HomePage" time="39.860" errors="0" timestamp="2024-02-06T14:57:57 IST" skipped="0">
  <testcase classname="com.mobiletest.dsdet.tests.TC_HomePage" name="HomePage" time="39.860"/>
</testsuite> <!-- com.mobiletest.dsdet.tests.TC_HomePage -->
