<?xml version="1.0" encoding="UTF-8"?>
<!-- Generated by org.testng.reporters.JUnitReportReporter -->
<testsuite hostname="CFLNAVALUR4721" failures="0" tests="1" name="com.qa.packages.Baseclass" time="12.273" errors="0" timestamp="2024-01-30T11:31:58 IST" skipped="0">
  <testcase classname="com.qa.packages.Baseclass" name="start" time="12.273"/>
</testsuite> <!-- com.qa.packages.Baseclass -->
