<?xml version="1.0" encoding="UTF-8"?>
<!-- Generated by org.testng.reporters.JUnitReportReporter -->
<testsuite hostname="CFLNAVALUR4721" failures="0" tests="1" name="com.qa.packages.TC_Login" time="9.521" errors="0" timestamp="2024-02-05T12:12:27 IST" skipped="0">
  <testcase classname="com.qa.packages.TC_Login" name="usern" time="9.521"/>
</testsuite> <!-- com.qa.packages.TC_Login -->
