<?xml version="1.0" encoding="UTF-8"?>
<!-- Generated by org.testng.reporters.JUnitReportReporter -->
<testsuite hostname="CFLNAVALUR4721" failures="0" tests="1" name="com.qa.packages.TC_Negativelogin" time="9.412" errors="0" timestamp="2024-01-30T12:47:48 IST" skipped="0">
  <testcase classname="com.qa.packages.TC_Negativelogin" name="negative" time="9.412"/>
</testsuite> <!-- com.qa.packages.TC_Negativelogin -->
